BallOfFire	/shd/www.shadertoy.com/Glacial_valleys.hlsl	main2	main
BallOfFire	/shd/www.shadertoy.com/Flameinthewind.hlsl	main2	main
BallOfFire	/shd/www.shadertoy.com/flame.hlsl	main2	main
BallOfFire	/shd/www.shadertoy.com/fires.hlsl	main2	main
BallOfFire	/shd/www.shadertoy.com/FireShader.hlsl	main2	main
BallOfFire	/shd/www.shadertoy.com/FakeVolumetricClouds.hlsl	main2	main
BallOfFire	/shd/www.shadertoy.com/explosionno12.hlsl	main2	main
BallOfFire	/shd/www.shadertoy.com/Eroded_mountain_terrain_(v2).hlsl	main2	main
BallOfFire	/shd/www.shadertoy.com/EmissionClouds.hlsl	main2	main
BallOfFire	/shd/www.shadertoy.com/DustyNebula4.hlsl	main2	main
BallOfFire	/shd/www.shadertoy.com/DustyNebula3.hlsl	main2	main
BallOfFire	/shd/www.shadertoy.com/DustyNebula3.hlsl	main2	main
BallOfFire	/shd/www.shadertoy.com/DustyNebula4.hlsl	main2	main
BallOfFire	/shd/www.shadertoy.com/EmissionClouds.hlsl	main2	main
BallOfFire	/shd/www.shadertoy.com/Eroded_mountain_terrain_(v2).hlsl	main2	main
BallOfFire	/shd/www.shadertoy.com/explosionno12.hlsl	main2	main
BallOfFire	/shd/www.shadertoy.com/FakeVolumetricClouds.hlsl	main2	main
BallOfFire	/shd/www.shadertoy.com/FireShader.hlsl	main2	main
BallOfFire	/shd/www.shadertoy.com/fires.hlsl	main2	main
BallOfFire	/shd/www.shadertoy.com/flame.hlsl	main2	main
BallOfFire	/shd/www.shadertoy.com/Flameinthewind.hlsl	main2	main
BallOfFire	/shd/www.shadertoy.com/Glacial_valleys.hlsl	main2	main
BallOfFire	/shd/www.shadertoy.com/301FireShaderRemix1.hlsl	main2	main
BallOfFire	/shd/www.shadertoy.com/301FireShaderRemix2.hlsl	main2	main
BallOfFire	/shd/www.shadertoy.com/301FireShaderRemix3.hlsl	main2	main
BallOfFire	/shd/www.shadertoy.com/AdaptiveSamplingDiagram.hlsl	main2	main
BallOfFire	/shd/www.shadertoy.com/Artistic_Black_hole.hlsl	main2	main
BallOfFire	/shd/www.shadertoy.com/Badlands.hlsl	main2	main
BallOfFire	/shd/www.shadertoy.com/BallOfFire.hlsl	main2	main
BallOfFire	/shd/www.shadertoy.com/buildings_by_night.hlsl	main2	main
BallOfFire	/shd/www.shadertoy.com/campfire.hlsl	main2	main
BallOfFire	/shd/www.shadertoy.com/CheapCloudFlythrough.hlsl	main2	main
BallOfFire	/shd/www.shadertoy.com/CheapCurvature.hlsl	main2	main
BallOfFire	/shd/www.shadertoy.com/CloudTen.hlsl	main2	main
BallOfFire	/shd/www.shadertoy.com/CloudySpikeBall.hlsl	main2	main
BallOfFire	/shd/www.shadertoy.com/DustyNebula3.hlsl	main2	main
BallOfFire	/shd/www.shadertoy.com/DustyNebula4.hlsl	main2	main
BallOfFire	/shd/www.shadertoy.com/EmissionClouds.hlsl	main2	main
BallOfFire	/shd/www.shadertoy.com/Eroded_mountain_terrain_(v2).hlsl	main2	main
BallOfFire	/shd/www.shadertoy.com/explosionno12.hlsl	main2	main
BallOfFire	/shd/www.shadertoy.com/FakeVolumetricClouds.hlsl	main2	main
BallOfFire	/shd/www.shadertoy.com/FireShader.hlsl	main2	main
BallOfFire	/shd/www.shadertoy.com/fires.hlsl	main2	main
BallOfFire	/shd/www.shadertoy.com/flame.hlsl	main2	main
BallOfFire	/shd/www.shadertoy.com/Flameinthewind.hlsl	main2	main
BallOfFire	/shd/www.shadertoy.com/Glacial_valleys.hlsl	main2	main
TestNoise	/shd/www.shadertoy.com/Xyptonjtroz.hlsl	main2	main
TestNoise	/shd/www.shadertoy.com/Watchitburn.hlsl	main2	main
TestNoise	/shd/www.shadertoy.com/volumetricexplosion.hlsl	main2	main
TestNoise	/shd/www.shadertoy.com/video_heightfield2.hlsl	main2	main
TestNoise	/shd/www.shadertoy.com/type2supernova.hlsl	main2	main
TestNoise	/shd/www.shadertoy.com/Truchet_Kaleidoscope_FTW.hlsl	main2	main
TestNoise	/shd/www.shadertoy.com/TileableNoise.hlsl	main2	main
TestNoise	/shd/www.shadertoy.com/Super_simple_raymarching_example.hlsl	main2	main
TestNoise	/shd/www.shadertoy.com/SupernovaRemnant.hlsl	main2	main
TestNoise	/shd/www.shadertoy.com/supernova.hlsl	main2	main
TestNoise	/shd/www.shadertoy.com/Simplicity.hlsl	main2	main
TestNoise	/shd/www.shadertoy.com/Simplicity3D.hlsl	main2	main
TestNoise	/shd/www.shadertoy.com/simple_terrain.hlsl	main2	main
TestNoise	/shd/www.shadertoy.com/simple_flare.hlsl	main2	main
TestNoise	/shd/www.shadertoy.com/SamplePinning.hlsl	main2	main
TestNoise	/shd/www.shadertoy.com/RaymarchingSampleCode.hlsl	main2	main
TestNoise	/shd/www.shadertoy.com/Ray_Marching_Part_2.hlsl	main2	main
TestNoise	/shd/www.shadertoy.com/Ray_Marching_Part_1.hlsl	main2	main
TestNoise	/shd/www.shadertoy.com/PyroclasticFireball.hlsl	main2	main
TestNoise	/shd/www.shadertoy.com/ProtoplanetaryDisk.hlsl	main2	main
TestNoise	/shd/www.shadertoy.com/Planet_shader.hlsl	main2	main
TestNoise	/shd/www.shadertoy.com/OceanView.hlsl	main2	main
TestNoise	/shd/www.shadertoy.com/Mandelbrot_smooth.hlsl	main2	main
TestNoise	/shd/www.shadertoy.com/Load_Custom_Textures.hlsl	main2	main
TestNoise	/shd/www.shadertoy.com/Hell.hlsl	main2	main
TestNoise	/shd/www.shadertoy.com/Hell_2.hlsl	main2	main
TestNoise	/shd/www.shadertoy.com/CheapCloudFlythrough.hlsl	main2	main
TestNoise	/shd/www.shadertoy.com/Main_Sequence_Star.hlsl	main2	main
TestNoise	/shd/www.shadertoy.com/SimpleStars.hlsl	main2	main
TestNoise	/shd/www.shadertoy.com/Simplestarfield.hlsl	main2	main
TestNoise	/shd/www.shadertoy.com/simple_Starfield.hlsl	main2	main
TestNoise	/shd/www.shadertoy.com/The_Cave.hlsl	main2	main
TestNoise	/shd/www.shadertoy.com/Voxel_Hall_Colors.hlsl	main2	main
TestNoise	/shd/www.shadertoy.com/Voxel_Corridor.hlsl	main2	main
TestNoise	/shd/www.shadertoy.com/Road02.hlsl	main2	main
TestNoise	/shd/www.shadertoy.com/Road01.hlsl	main2	main
TestNoise	/shd/www.shadertoy.com/Xyptonjtroz.hlsl	main2	main
TestNoise	/shd/www.shadertoy.com/Watchitburn.hlsl	main2	main
TestNoise	/shd/www.shadertoy.com/volumetricexplosion.hlsl	main2	main
